<?xml version="1.0" encoding="UTF-8"?>
<!-- Generated by org.testng.reporters.JUnitXMLReporter -->
<testsuite ignored="0" hostname="Fatimah" failures="0" tests="3" name="Default test" time="1.504" errors="0" timestamp="2023-07-07T11:53:17 SGT">
  <testcase classname="dataDriven.excelDataProvider.DataProviderConcept" name="testCaseData" time="0.007"/>
  <testcase classname="dataDriven.excelDataProvider.DataProviderConcept" name="testCaseData" time="0.002"/>
  <testcase classname="dataDriven.excelDataProvider.DataProviderConcept" name="testCaseData" time="0.002"/>
</testsuite> <!-- Default test -->
